<?xml version="1.0" encoding="UTF-8"?>
<!-- Generated by org.testng.reporters.JUnitReportReporter -->
<testsuite skipped="0" hostname="Admin" name="com.mavendemo.Testclass" tests="2" failures="0" timestamp="07 Jul 2021 14:18:04 GMT" time="0.032" errors="0">
  <testcase name="TC1" time="0.028" classname="com.mavendemo.Testclass"/>
  <testcase name="TC2" time="0.004" classname="com.mavendemo.Testclass"/>
</testsuite> <!-- com.mavendemo.Testclass -->
