<?xml version="1.0" encoding="UTF-8"?>
<!-- Generated by org.testng.reporters.JUnitReportReporter -->
<testsuite skipped="0" hostname="Admin" name="com.mavendemo.Testcalss2" tests="2" failures="0" timestamp="07 Jul 2021 14:18:04 GMT" time="0.013" errors="0">
  <testcase name="TC4" time="0.007" classname="com.mavendemo.Testcalss2"/>
  <testcase name="TC3" time="0.006" classname="com.mavendemo.Testcalss2"/>
</testsuite> <!-- com.mavendemo.Testcalss2 -->
